Using pre-set license
Built from '2021.3/staging' branch; Version is '2021.3.9f1 (ad3870b89536) revision 11352176'; Using compiler version '192829333'; Build Type 'Release'
OS: 'Windows 11  (10.0.22621) 64bit Professional' Language: 'en' Physical Memory: 16265 MB
BatchMode: 1, IsHumanControllingUs: 0, StartBugReporterOnCrash: 0, Is64bit: 1, IsPro: 1

COMMAND LINE ARGUMENTS:
F:\Unity\2021.3.9f1\Editor\Unity.exe
-adb2
-batchMode
-noUpm
-name
AssetImportWorker11
-projectPath
F:/Unity VR/Swoosh-The-Blade-VR
-logFile
Logs/AssetImportWorker11.log
-srvPort
56517
Successfully changed project path to: F:/Unity VR/Swoosh-The-Blade-VR
F:/Unity VR/Swoosh-The-Blade-VR
[UnityMemory] Configuration Parameters - Can be set up in boot.config
    "memorysetup-bucket-allocator-granularity=16"
    "memorysetup-bucket-allocator-bucket-count=8"
    "memorysetup-bucket-allocator-block-size=33554432"
    "memorysetup-bucket-allocator-block-count=8"
    "memorysetup-main-allocator-block-size=16777216"
    "memorysetup-thread-allocator-block-size=16777216"
    "memorysetup-gfx-main-allocator-block-size=16777216"
    "memorysetup-gfx-thread-allocator-block-size=16777216"
    "memorysetup-cache-allocator-block-size=4194304"
    "memorysetup-typetree-allocator-block-size=2097152"
    "memorysetup-profiler-bucket-allocator-granularity=16"
    "memorysetup-profiler-bucket-allocator-bucket-count=8"
    "memorysetup-profiler-bucket-allocator-block-size=33554432"
    "memorysetup-profiler-bucket-allocator-block-count=8"
    "memorysetup-profiler-allocator-block-size=16777216"
    "memorysetup-profiler-editor-allocator-block-size=1048576"
    "memorysetup-temp-allocator-size-main=16777216"
    "memorysetup-job-temp-allocator-block-size=2097152"
    "memorysetup-job-temp-allocator-block-size-background=1048576"
    "memorysetup-job-temp-allocator-reduction-small-platforms=262144"
    "memorysetup-temp-allocator-size-background-worker=32768"
    "memorysetup-temp-allocator-size-job-worker=262144"
    "memorysetup-temp-allocator-size-preload-manager=33554432"
    "memorysetup-temp-allocator-size-nav-mesh-worker=65536"
    "memorysetup-temp-allocator-size-audio-worker=65536"
    "memorysetup-temp-allocator-size-cloud-worker=32768"
    "memorysetup-temp-allocator-size-gi-baking-worker=262144"
    "memorysetup-temp-allocator-size-gfx=262144"
Refreshing native plugins compatible for Editor in 124.17 ms, found 10 plugins.
Preloading 0 native plugins for Editor in 0.00 ms.
Initialize engine version: 2021.3.9f1 (ad3870b89536)
[Subsystems] Discovering subsystems at path F:/Unity/2021.3.9f1/Editor/Data/Resources/UnitySubsystems
[Subsystems] Discovering subsystems at path F:/Unity VR/Swoosh-The-Blade-VR/Assets
GfxDevice: creating device client; threaded=0; jobified=0
Direct3D:
    Version:  Direct3D 11.0 [level 11.1]
    Renderer: NVIDIA GeForce GTX 1080 Ti (ID=0x1b06)
    Vendor:   NVIDIA
    VRAM:     11128 MB
    Driver:   31.0.15.1694
Initialize mono
Mono path[0] = 'F:/Unity/2021.3.9f1/Editor/Data/Managed'
Mono path[1] = 'F:/Unity/2021.3.9f1/Editor/Data/MonoBleedingEdge/lib/mono/unityjit-win32'
Mono config path = 'F:/Unity/2021.3.9f1/Editor/Data/MonoBleedingEdge/etc'
Using monoOptions --debugger-agent=transport=dt_socket,embedding=1,server=y,suspend=n,address=127.0.0.1:56708
Begin MonoManager ReloadAssembly
Registering precompiled unity dll's ...
Register platform support module: F:/Unity/2021.3.9f1/Editor/Data/PlaybackEngines/AndroidPlayer/UnityEditor.Android.Extensions.dll
Register platform support module: F:/Unity/2021.3.9f1/Editor/Data/PlaybackEngines/WindowsStandaloneSupport/UnityEditor.WindowsStandalone.Extensions.dll
Registered in 0.001743 seconds.
Native extension for WindowsStandalone target not found
Native extension for Android target not found
Refreshing native plugins compatible for Editor in 88.90 ms, found 10 plugins.
Preloading 0 native plugins for Editor in 0.00 ms.
Mono: successfully reloaded assembly
- Completed reload, in  0.520 seconds
Domain Reload Profiling:
	ReloadAssembly (521ms)
		BeginReloadAssembly (66ms)
			ExecutionOrderSort (0ms)
			DisableScriptedObjects (0ms)
			BackupInstance (0ms)
			ReleaseScriptingObjects (0ms)
			CreateAndSetChildDomain (1ms)
		EndReloadAssembly (381ms)
			LoadAssemblies (66ms)
			RebuildTransferFunctionScriptingTraits (0ms)
			SetupTypeCache (74ms)
			ReleaseScriptCaches (0ms)
			RebuildScriptCaches (19ms)
			SetupLoadedEditorAssemblies (250ms)
				LogAssemblyErrors (0ms)
				InitializePlatformSupportModulesInManaged (42ms)
				SetLoadedEditorAssemblies (0ms)
				RefreshPlugins (89ms)
				BeforeProcessingInitializeOnLoad (1ms)
				ProcessInitializeOnLoadAttributes (80ms)
				ProcessInitializeOnLoadMethodAttributes (37ms)
				AfterProcessingInitializeOnLoad (0ms)
				EditorAssembliesLoaded (0ms)
			ExecutionOrderSort2 (0ms)
			AwakeInstancesAfterBackupRestoration (0ms)
Platform modules already initialized, skipping
Registering precompiled user dll's ...
Registered in 0.010690 seconds.
Android Extension - Scanning For ADB Devices 663 ms
Begin MonoManager ReloadAssembly
Native extension for WindowsStandalone target not found
Native extension for Android target not found
Refreshing native plugins compatible for Editor in 83.34 ms, found 10 plugins.
Preloading 0 native plugins for Editor in 0.00 ms.
Package Manager log level set to [2]
Mono: successfully reloaded assembly
- Completed reload, in 11.487 seconds
Domain Reload Profiling:
	ReloadAssembly (11487ms)
		BeginReloadAssembly (101ms)
			ExecutionOrderSort (0ms)
			DisableScriptedObjects (5ms)
			BackupInstance (0ms)
			ReleaseScriptingObjects (0ms)
			CreateAndSetChildDomain (19ms)
		EndReloadAssembly (11151ms)
			LoadAssemblies (7531ms)
			RebuildTransferFunctionScriptingTraits (0ms)
			SetupTypeCache (995ms)
			ReleaseScriptCaches (1ms)
			RebuildScriptCaches (57ms)
			SetupLoadedEditorAssemblies (2539ms)
				LogAssemblyErrors (0ms)
				InitializePlatformSupportModulesInManaged (9ms)
				SetLoadedEditorAssemblies (0ms)
				RefreshPlugins (83ms)
				BeforeProcessingInitializeOnLoad (84ms)
				ProcessInitializeOnLoadAttributes (990ms)
				ProcessInitializeOnLoadMethodAttributes (1370ms)
				AfterProcessingInitializeOnLoad (2ms)
				EditorAssembliesLoaded (0ms)
			ExecutionOrderSort2 (0ms)
			AwakeInstancesAfterBackupRestoration (5ms)
Platform modules already initialized, skipping
========================================================================
Worker process is ready to serve import requests
Launched and connected shader compiler UnityShaderCompiler.exe after 0.17 seconds
Refreshing native plugins compatible for Editor in 1.21 ms, found 10 plugins.
Preloading 0 native plugins for Editor in 0.00 ms.
Unloading 4872 Unused Serialized files (Serialized files now loaded: 0)
Unloading 116 unused Assets / (1.4 MB). Loaded Objects now: 5258.
Memory consumption went from 251.4 MB to 250.0 MB.
Total: 3.818500 ms (FindLiveObjects: 0.401800 ms CreateObjectMapping: 0.119500 ms MarkObjects: 2.935400 ms  DeleteObjects: 0.360700 ms)

AssetImportParameters requested are different than current active one (requested -> active):
  custom:video-decoder-ogg-theora: a1e56fd34408186e4bbccfd4996cb3dc -> 
  custom:container-muxer-webm: aa71ff27fc2769a1b78a27578f13a17b -> 
  custom:container-demuxer-webm: 4f35f7cbe854078d1ac9338744f61a02 -> 
  custom:video-encoder-webm-vp8: eb34c28f22e8b96e1ab97ce403110664 -> 
  custom:audio-encoder-webm-vorbis: bf7c407c2cedff20999df2af8eb42d56 -> 
  custom:framework-win-MediaFoundation: 216162199b28c13a410421893ffa2e32 -> 
  custom:container-demuxer-ogg: 62fdf1f143b41e24485cea50d1cbac27 -> 
  custom:video-decoder-webm-vp8: 9c59270c3fd7afecdb556c50c9e8de78 -> 
  custom:audio-decoder-ogg-vorbis: bf7c407c2cedff20999df2af8eb42d56 -> 
========================================================================
Received Import Request.
  Time since last request: 9687.800462 seconds.
  path: Assets/Scenes/City.unity
  artifactKey: Guid(9fc0d4010bbf28b4594072e72b8655ab) Importer(815301076,1909f56bfc062723c751e8b465ee728b)
Start importing Assets/Scenes/City.unity using Guid(9fc0d4010bbf28b4594072e72b8655ab) Importer(815301076,1909f56bfc062723c751e8b465ee728b)  -> (artifact id: '7144379223d3d8dc634600f20782c113') in 0.013440 seconds 
========================================================================
Received Import Request.
  Time since last request: 3.596813 seconds.
  path: Assets/Scenes/Cave.unity
  artifactKey: Guid(9fc0d4010bbf28b4594072e72b8655ab) Importer(815301076,1909f56bfc062723c751e8b465ee728b)
Start importing Assets/Scenes/Cave.unity using Guid(9fc0d4010bbf28b4594072e72b8655ab) Importer(815301076,1909f56bfc062723c751e8b465ee728b)  -> (artifact id: '5ab8f178e2820cf1156afa0b03af09c6') in 0.004494 seconds 
========================================================================
Received Import Request.
  Time since last request: 2.559235 seconds.
  path: Assets/Scenes/SampleScene 1.unity
  artifactKey: Guid(f483e55fa47dbdd46a491a7d91f9d9f0) Importer(815301076,1909f56bfc062723c751e8b465ee728b)
Start importing Assets/Scenes/SampleScene 1.unity using Guid(f483e55fa47dbdd46a491a7d91f9d9f0) Importer(815301076,1909f56bfc062723c751e8b465ee728b)  -> (artifact id: '684aa80554a83d114c4a9353d964b1c4') in 0.017629 seconds 
========================================================================
Received Prepare
Registering precompiled user dll's ...
Registered in 0.008751 seconds.
Begin MonoManager ReloadAssembly
Native extension for WindowsStandalone target not found
Native extension for Android target not found
Refreshing native plugins compatible for Editor in 1.31 ms, found 10 plugins.
Preloading 0 native plugins for Editor in 0.00 ms.
Mono: successfully reloaded assembly
- Completed reload, in  1.002 seconds
Domain Reload Profiling:
	ReloadAssembly (1003ms)
		BeginReloadAssembly (135ms)
			ExecutionOrderSort (0ms)
			DisableScriptedObjects (4ms)
			BackupInstance (0ms)
			ReleaseScriptingObjects (0ms)
			CreateAndSetChildDomain (39ms)
		EndReloadAssembly (790ms)
			LoadAssemblies (101ms)
			RebuildTransferFunctionScriptingTraits (0ms)
			SetupTypeCache (246ms)
			ReleaseScriptCaches (1ms)
			RebuildScriptCaches (37ms)
			SetupLoadedEditorAssemblies (339ms)
				LogAssemblyErrors (0ms)
				InitializePlatformSupportModulesInManaged (16ms)
				SetLoadedEditorAssemblies (0ms)
				RefreshPlugins (1ms)
				BeforeProcessingInitializeOnLoad (58ms)
				ProcessInitializeOnLoadAttributes (236ms)
				ProcessInitializeOnLoadMethodAttributes (24ms)
				AfterProcessingInitializeOnLoad (2ms)
				EditorAssembliesLoaded (0ms)
			ExecutionOrderSort2 (0ms)
			AwakeInstancesAfterBackupRestoration (5ms)
Platform modules already initialized, skipping
Refreshing native plugins compatible for Editor in 8.98 ms, found 10 plugins.
Preloading 0 native plugins for Editor in 0.00 ms.
Unloading 4846 Unused Serialized files (Serialized files now loaded: 0)
Unloading 106 unused Assets / (1.3 MB). Loaded Objects now: 5294.
Memory consumption went from 247.6 MB to 246.3 MB.
Total: 4.789300 ms (FindLiveObjects: 0.333200 ms CreateObjectMapping: 0.110700 ms MarkObjects: 3.908500 ms  DeleteObjects: 0.435700 ms)

AssetImportParameters requested are different than current active one (requested -> active):
  custom:video-decoder-ogg-theora: a1e56fd34408186e4bbccfd4996cb3dc -> 
  custom:container-muxer-webm: aa71ff27fc2769a1b78a27578f13a17b -> 
  custom:container-demuxer-webm: 4f35f7cbe854078d1ac9338744f61a02 -> 
  custom:video-encoder-webm-vp8: eb34c28f22e8b96e1ab97ce403110664 -> 
  custom:audio-encoder-webm-vorbis: bf7c407c2cedff20999df2af8eb42d56 -> 
  custom:framework-win-MediaFoundation: 216162199b28c13a410421893ffa2e32 -> 
  custom:container-demuxer-ogg: 62fdf1f143b41e24485cea50d1cbac27 -> 
  custom:video-decoder-webm-vp8: 9c59270c3fd7afecdb556c50c9e8de78 -> 
  custom:audio-decoder-ogg-vorbis: bf7c407c2cedff20999df2af8eb42d56 -> 
========================================================================
Received Import Request.
  Time since last request: 1607.054064 seconds.
  path: Assets/Prefabs/Glow post process.prefab
  artifactKey: Guid(46a373b68fc56f84fa1c80d82dacd933) Importer(815301076,1909f56bfc062723c751e8b465ee728b)
Start importing Assets/Prefabs/Glow post process.prefab using Guid(46a373b68fc56f84fa1c80d82dacd933) Importer(815301076,1909f56bfc062723c751e8b465ee728b)  -> (artifact id: '96e7a1fc6f2efeb87d1b8e36f1d352d8') in 0.105984 seconds 
========================================================================
Received Import Request.
  Time since last request: 4.363031 seconds.
  path: Assets/Prefabs/Wall.prefab
  artifactKey: Guid(0863d14b31e57fc499cd971d4ec57e0c) Importer(815301076,1909f56bfc062723c751e8b465ee728b)
Start importing Assets/Prefabs/Wall.prefab using Guid(0863d14b31e57fc499cd971d4ec57e0c) Importer(815301076,1909f56bfc062723c751e8b465ee728b)  -> (artifact id: 'a4c3d021bb6546bba2beac5f6062a6de') in 0.175061 seconds 
========================================================================
Received Import Request.
  Time since last request: 102.554809 seconds.
  path: Assets/Prefabs/Cube.prefab
  artifactKey: Guid(567166ff7d0dab443b0d3277bac199ba) Importer(815301076,1909f56bfc062723c751e8b465ee728b)
Start importing Assets/Prefabs/Cube.prefab using Guid(567166ff7d0dab443b0d3277bac199ba) Importer(815301076,1909f56bfc062723c751e8b465ee728b)  -> (artifact id: '1503e8805543088132860f3aeedf9154') in 0.023166 seconds 
========================================================================
Received Import Request.
  Time since last request: 7.378995 seconds.
  path: Assets/Prefabs/Cube (1).prefab
  artifactKey: Guid(a22e904f8a95bc44a81c118f64530932) Importer(815301076,1909f56bfc062723c751e8b465ee728b)
Start importing Assets/Prefabs/Cube (1).prefab using Guid(a22e904f8a95bc44a81c118f64530932) Importer(815301076,1909f56bfc062723c751e8b465ee728b)  -> (artifact id: '3594b67ed4261a579b89764fbc2fe80e') in 0.007851 seconds 
========================================================================
Received Import Request.
  Time since last request: 0.000026 seconds.
  path: Assets/Prefabs/Cube (5).prefab
  artifactKey: Guid(f610e50b2e7c80749bf72e21f87b4a82) Importer(815301076,1909f56bfc062723c751e8b465ee728b)
Start importing Assets/Prefabs/Cube (5).prefab using Guid(f610e50b2e7c80749bf72e21f87b4a82) Importer(815301076,1909f56bfc062723c751e8b465ee728b)  -> (artifact id: '14c57a48a8a683b05cbdc6b5b4bc3e41') in 0.008008 seconds 
========================================================================
Received Import Request.
  Time since last request: 0.000036 seconds.
  path: Assets/Prefabs/Cube (4).prefab
  artifactKey: Guid(0d27939d64f72944cb15fe937e07a6ca) Importer(815301076,1909f56bfc062723c751e8b465ee728b)
Start importing Assets/Prefabs/Cube (4).prefab using Guid(0d27939d64f72944cb15fe937e07a6ca) Importer(815301076,1909f56bfc062723c751e8b465ee728b)  -> (artifact id: 'dfe26f3d905aba96c0f9f0704ad5c3ff') in 0.007789 seconds 
========================================================================
Received Import Request.
  Time since last request: 14.195889 seconds.
  path: Assets/Prefabs/wall_long.prefab
  artifactKey: Guid(567166ff7d0dab443b0d3277bac199ba) Importer(815301076,1909f56bfc062723c751e8b465ee728b)
Start importing Assets/Prefabs/wall_long.prefab using Guid(567166ff7d0dab443b0d3277bac199ba) Importer(815301076,1909f56bfc062723c751e8b465ee728b)  -> (artifact id: '1e957cb18e4b82ed3419ea6cd6f66ddb') in 0.008112 seconds 
========================================================================
Received Import Request.
  Time since last request: 33.525106 seconds.
  path: Assets/Prefabs/wall_long.prefab
  artifactKey: Guid(567166ff7d0dab443b0d3277bac199ba) Importer(815301076,1909f56bfc062723c751e8b465ee728b)
Start importing Assets/Prefabs/wall_long.prefab using Guid(567166ff7d0dab443b0d3277bac199ba) Importer(815301076,1909f56bfc062723c751e8b465ee728b)  -> (artifact id: '35a1dc2181454eff5cf0bf49167fa9e3') in 0.004282 seconds 
========================================================================
Received Import Request.
  Time since last request: 1.965495 seconds.
  path: Assets/Prefabs/wall_long.prefab
  artifactKey: Guid(567166ff7d0dab443b0d3277bac199ba) Importer(815301076,1909f56bfc062723c751e8b465ee728b)
Start importing Assets/Prefabs/wall_long.prefab using Guid(567166ff7d0dab443b0d3277bac199ba) Importer(815301076,1909f56bfc062723c751e8b465ee728b)  -> (artifact id: 'c3d7d76ab58a1ba78df8c4199c7a8165') in 0.004493 seconds 
========================================================================
Received Import Request.
  Time since last request: 9.960606 seconds.
  path: Assets/Prefabs/wall_long.prefab
  artifactKey: Guid(567166ff7d0dab443b0d3277bac199ba) Importer(815301076,1909f56bfc062723c751e8b465ee728b)
Start importing Assets/Prefabs/wall_long.prefab using Guid(567166ff7d0dab443b0d3277bac199ba) Importer(815301076,1909f56bfc062723c751e8b465ee728b)  -> (artifact id: 'a78986e07cc5b897e58b7acfcfc841ec') in 0.005451 seconds 
========================================================================
Received Import Request.
  Time since last request: 2.114809 seconds.
  path: Assets/Prefabs/wall_long.prefab
  artifactKey: Guid(567166ff7d0dab443b0d3277bac199ba) Importer(815301076,1909f56bfc062723c751e8b465ee728b)
Start importing Assets/Prefabs/wall_long.prefab using Guid(567166ff7d0dab443b0d3277bac199ba) Importer(815301076,1909f56bfc062723c751e8b465ee728b)  -> (artifact id: '980d54e5f7f00e51f0cd257b56528980') in 0.005463 seconds 
========================================================================
Received Import Request.
  Time since last request: 51.719665 seconds.
  path: Assets/Prefabs/Vent.prefab
  artifactKey: Guid(9c42706dc6a687e4b876026761c9b876) Importer(815301076,1909f56bfc062723c751e8b465ee728b)
Start importing Assets/Prefabs/Vent.prefab using Guid(9c42706dc6a687e4b876026761c9b876) Importer(815301076,1909f56bfc062723c751e8b465ee728b)  -> (artifact id: '8634fcc51cf3c90abb290c9bce3062b1') in 0.470333 seconds 
========================================================================
Received Import Request.
  Time since last request: 159.676348 seconds.
  path: Assets/Prefabs/wall_long.prefab
  artifactKey: Guid(567166ff7d0dab443b0d3277bac199ba) Importer(815301076,1909f56bfc062723c751e8b465ee728b)
Start importing Assets/Prefabs/wall_long.prefab using Guid(567166ff7d0dab443b0d3277bac199ba) Importer(815301076,1909f56bfc062723c751e8b465ee728b)  -> (artifact id: 'bd2d53d07850a41ecb5df265b73b337e') in 0.004764 seconds 
========================================================================
Received Import Request.
  Time since last request: 30.294946 seconds.
  path: Assets/Prefabs/Lava.prefab
  artifactKey: Guid(95ba7a4f8735c5940a17d80ea621bda5) Importer(815301076,1909f56bfc062723c751e8b465ee728b)
Start importing Assets/Prefabs/Lava.prefab using Guid(95ba7a4f8735c5940a17d80ea621bda5) Importer(815301076,1909f56bfc062723c751e8b465ee728b)  -> (artifact id: '08d52d20221c1a150383a585adfb0c5d') in 0.013542 seconds 
